Log file open, 01/23/20 22:47:17
LogWindows: Failed to load 'aqProf.dll' (GetLastError=126)
LogWindows: File 'aqProf.dll' does not exist
LogWindows: Failed to load 'VtuneApi.dll' (GetLastError=126)
LogWindows: File 'VtuneApi.dll' does not exist
LogWindows: Failed to load 'VtuneApi32e.dll' (GetLastError=126)
LogWindows: File 'VtuneApi32e.dll' does not exist
LogConsoleResponse: Display: Failed to find resolution value strings in scalability ini. Falling back to default.
LogInit: Display: Running engine for game: MP1_ElżbietaHawełka
LogPlatformFile: Not using cached read wrapper
LogTaskGraph: Started task graph with 5 named threads and 35 total threads with 3 sets of task threads.
LogStats: Stats thread started at 0.080967
LogD3D11RHI: Loaded GFSDK_Aftermath_Lib.x64.dll
LogICUInternationalization: ICU TimeZone Detection - Raw Offset: +1:00, Platform Override: ''
LogPluginManager: Mounting plugin Paper2D
LogPluginManager: Mounting plugin AISupport
LogPluginManager: Mounting plugin LightPropagationVolume
LogPluginManager: Mounting plugin ActorLayerUtilities
LogPluginManager: Mounting plugin AnimationSharing
LogPluginManager: Mounting plugin CLionSourceCodeAccess
LogPluginManager: Mounting plugin CodeLiteSourceCodeAccess
LogPluginManager: Mounting plugin GitSourceControl
LogPluginManager: Mounting plugin KDevelopSourceCodeAccess
LogPluginManager: Mounting plugin NullSourceCodeAccess
LogPluginManager: Mounting plugin PerforceSourceControl
LogPluginManager: Mounting plugin PlasticSourceControl
LogPluginManager: Mounting plugin SubversionSourceControl
LogPluginManager: Mounting plugin UObjectPlugin
LogPluginManager: Mounting plugin VisualStudioCodeSourceCodeAccess
LogPluginManager: Mounting plugin VisualStudioSourceCodeAccess
LogPluginManager: Mounting plugin XCodeSourceCodeAccess
LogPluginManager: Mounting plugin AssetManagerEditor
LogPluginManager: Mounting plugin CryptoKeys
LogPluginManager: Mounting plugin CurveEditorTools
LogPluginManager: Mounting plugin DataValidation
LogPluginManager: Mounting plugin FacialAnimation
LogPluginManager: Mounting plugin GameplayTagsEditor
LogPluginManager: Mounting plugin MacGraphicsSwitching
LogPluginManager: Mounting plugin MaterialAnalyzer
LogPluginManager: Mounting plugin MobileLauncherProfileWizard
LogPluginManager: Mounting plugin PluginBrowser
LogPluginManager: Mounting plugin SpeedTreeImporter
LogPluginManager: Mounting plugin DatasmithContent
LogPluginManager: Mounting plugin VariantManagerContent
LogPluginManager: Mounting plugin AlembicImporter
LogPluginManager: Mounting plugin AutomationUtils
LogPluginManager: Mounting plugin BackChannel
LogPluginManager: Mounting plugin CharacterAI
LogPluginManager: Mounting plugin GeometryCache
LogPluginManager: Mounting plugin PlatformCrypto
LogPluginManager: Mounting plugin ProxyLODPlugin
LogPluginManager: Mounting plugin SkeletalReduction
LogPluginManager: Mounting plugin MagicLeap
LogPluginManager: Mounting plugin MagicLeapMedia
LogPluginManager: Mounting plugin MLSDK
LogPluginManager: Mounting plugin AndroidMedia
LogPluginManager: Mounting plugin AvfMedia
LogPluginManager: Mounting plugin ImgMedia
LogPluginManager: Mounting plugin MediaCompositing
LogPluginManager: Mounting plugin MediaPlayerEditor
LogPluginManager: Mounting plugin WebMMedia
LogPluginManager: Mounting plugin WmfMedia
LogPluginManager: Mounting plugin TcpMessaging
LogPluginManager: Mounting plugin UdpMessaging
LogPluginManager: Mounting plugin ActorSequence
LogPluginManager: Mounting plugin LevelSequenceEditor
LogPluginManager: Mounting plugin MatineeToLevelSequence
LogPluginManager: Mounting plugin NetcodeUnitTest
LogPluginManager: Mounting plugin NUTUnrealEngine4
LogPluginManager: Mounting plugin OnlineSubsystemGooglePlay
LogPluginManager: Mounting plugin OnlineSubsystemIOS
LogPluginManager: Mounting plugin OnlineSubsystem
LogPluginManager: Mounting plugin OnlineSubsystemNull
LogPluginManager: Mounting plugin OnlineSubsystemUtils
LogPluginManager: Mounting plugin LauncherChunkInstaller
LogPluginManager: Mounting plugin AndroidDeviceProfileSelector
LogPluginManager: Mounting plugin AndroidMoviePlayer
LogPluginManager: Mounting plugin AndroidPermission
LogPluginManager: Mounting plugin AppleImageUtils
LogPluginManager: Mounting plugin AppleMoviePlayer
LogPluginManager: Mounting plugin ArchVisCharacter
LogPluginManager: Mounting plugin AssetTags
LogPluginManager: Mounting plugin AudioCapture
LogPluginManager: Mounting plugin CableComponent
LogPluginManager: Mounting plugin CustomMeshComponent
LogPluginManager: Mounting plugin EditableMesh
LogPluginManager: Mounting plugin ExampleDeviceProfileSelector
LogPluginManager: Mounting plugin GoogleCloudMessaging
LogPluginManager: Mounting plugin IOSDeviceProfileSelector
LogPluginManager: Mounting plugin LinuxDeviceProfileSelector
LogPluginManager: Mounting plugin LocationServicesBPLibrary
LogPluginManager: Mounting plugin MobilePatchingUtils
LogPluginManager: Mounting plugin OculusVR
LogPluginManager: Mounting plugin PhysXVehicles
LogPluginManager: Mounting plugin PostSplashScreen
LogPluginManager: Mounting plugin ProceduralMeshComponent
LogPluginManager: Mounting plugin RuntimePhysXCooking
LogPluginManager: Mounting plugin SignificanceManager
LogPluginManager: Mounting plugin SteamVR
LogPluginManager: Mounting plugin WebMMoviePlayer
LogPluginManager: Mounting plugin WindowsMoviePlayer
LogPluginManager: Mounting plugin ScreenshotTools
LogInit: Using libcurl 7.55.1-DEV
LogInit:  - built for x86_64-pc-win32
LogInit:  - supports SSL with OpenSSL/1.1.1
LogInit:  - supports HTTP deflate (compression) using libz 1.2.8
LogInit:  - other features:
LogInit:      CURL_VERSION_SSL
LogInit:      CURL_VERSION_LIBZ
LogInit:      CURL_VERSION_IPV6
LogInit:      CURL_VERSION_ASYNCHDNS
LogInit:      CURL_VERSION_LARGEFILE
LogInit:      CURL_VERSION_IDN
LogInit:  CurlRequestOptions (configurable via config and command line):
LogInit:  - bVerifyPeer = true  - Libcurl will verify peer certificate
LogInit:  - bUseHttpProxy = false  - Libcurl will NOT use HTTP proxy
LogInit:  - bDontReuseConnections = false  - Libcurl will reuse connections
LogInit:  - MaxHostConnections = 16  - Libcurl will limit the number of connections to a host
LogInit:  - LocalHostAddr = Default
LogInit:  - BufferSize = 65536
LogOnline: OSS: Creating online subsystem instance for: NULL
LogInit: WinSock: version 1.1 (2.2), MaxSocks=32767, MaxUdp=65467
LogOnline: OSS: TryLoadSubsystemAndSetDefault: Loaded subsystem for module [NULL]
LogInit: Build: ++UE4+Release-4.24-CL-10570792
LogInit: Engine Version: 4.24.0-10570792+++UE4+Release-4.24
LogInit: Compatible Engine Version: 4.24.0-10570792+++UE4+Release-4.24
LogInit: Net CL: 10570792
LogInit: OS: Windows 10 (Release 1903) (), CPU: Intel(R) Core(TM) i7-8750H CPU @ 2.20GHz, GPU: Intel(R) UHD Graphics 630
LogInit: Compiled (64-bit): Dec  6 2019 02:05:13
LogInit: Compiled with Visual C++: 19.16.27032.01
LogInit: Build Configuration: Development
LogInit: Branch Name: ++UE4+Release-4.24
LogInit: Command Line: 
LogInit: Base Directory: C:/Program Files/Epic Games/UE_4.24/Engine/Binaries/Win64/
LogInit: Installed Engine Build: 1
LogDevObjectVersion: Number of dev versions registered: 25
LogDevObjectVersion:   Dev-Blueprints (B0D832E4-1F89-4F0D-ACCF-7EB736FD4AA2): 10
LogDevObjectVersion:   Dev-Build (E1C64328-A22C-4D53-A36C-8E866417BD8C): 0
LogDevObjectVersion:   Dev-Core (375EC13C-06E4-48FB-B500-84F0262A717E): 3
LogDevObjectVersion:   Dev-Editor (E4B068ED-F494-42E9-A231-DA0B2E46BB41): 37
LogDevObjectVersion:   Dev-Framework (CFFC743F-43B0-4480-9391-14DF171D2073): 36
LogDevObjectVersion:   Dev-Mobile (B02B49B5-BB20-44E9-A304-32B752E40360): 2
LogDevObjectVersion:   Dev-Networking (A4E4105C-59A1-49B5-A7C5-40C4547EDFEE): 0
LogDevObjectVersion:   Dev-Online (39C831C9-5AE6-47DC-9A44-9C173E1C8E7C): 0
LogDevObjectVersion:   Dev-Physics (78F01B33-EBEA-4F98-B9B4-84EACCB95AA2): 2
LogDevObjectVersion:   Dev-Platform (6631380F-2D4D-43E0-8009-CF276956A95A): 0
LogDevObjectVersion:   Dev-Rendering (12F88B9F-8875-4AFC-A67C-D90C383ABD29): 36
LogDevObjectVersion:   Dev-Sequencer (7B5AE74C-D270-4C10-A958-57980B212A5A): 11
LogDevObjectVersion:   Dev-VR (D7296918-1DD6-4BDD-9DE2-64A83CC13884): 2
LogDevObjectVersion:   Dev-LoadTimes (C2A15278-BFE7-4AFE-6C17-90FF531DF755): 1
LogDevObjectVersion:   Private-Geometry (6EACA3D4-40EC-4CC1-B786-8BED09428FC5): 3
LogDevObjectVersion:   Dev-AnimPhys (29E575DD-E0A3-4627-9D10-D276232CDCEA): 17
LogDevObjectVersion:   Dev-Anim (AF43A65D-7FD3-4947-9873-3E8ED9C1BB05): 2
LogDevObjectVersion:   Dev-ReflectionCapture (6B266CEC-1EC7-4B8F-A30B-E4D90942FC07): 1
LogDevObjectVersion:   Dev-Automation (0DF73D61-A23F-47EA-B727-89E90C41499A): 1
LogDevObjectVersion:   FortniteMain (601D1886-AC64-4F84-AA16-D3DE0DEAC7D6): 31
LogDevObjectVersion:   Dev-Enterprise (9DFFBCD6-494F-0158-E221-12823C92A888): 8
LogDevObjectVersion:   Dev-Niagara (F2AED0AC-9AFE-416F-8664-AA7FFA26D6FC): 1
LogDevObjectVersion:   Dev-Destruction (174F1F0B-B4C6-45A5-B13F-2EE8D0FB917D): 9
LogDevObjectVersion:   Dev-Physics-Ext (35F94A83-E258-406C-A318-09F59610247C): 8
LogDevObjectVersion:   Dev-CineCamera (B2E18506-4273-CFC2-A54E-F4BB758BBA07): 1
LogInit: Presizing for max 25165824 objects, including 0 objects not considered by GC, pre-allocating 0 bytes for permanent pool.
LogInit: Object subsystem initialized
LogConfig: Setting CVar [[con.DebugEarlyDefault:1]]
LogConfig: Setting CVar [[r.setres:1280x720]]
[2020.01.23-21.47.17:789][  0]LogConfig: Setting CVar [[r.VSync:0]]
[2020.01.23-21.47.17:789][  0]LogConfig: Setting CVar [[r.RHICmdBypass:0]]
[2020.01.23-21.47.17:789][  0]LogConfig: Applying CVar settings from Section [/Script/Engine.RendererSettings] File [C:/Users/ritts/Documents/Unreal Projects/MP1_ElżbietaHawełka/Saved/Config/Windows/Engine.ini]
[2020.01.23-21.47.17:789][  0]LogConfig: Setting CVar [[r.GPUCrashDebugging:0]]
[2020.01.23-21.47.17:789][  0]LogConfig: Applying CVar settings from Section [/Script/Engine.RendererOverrideSettings] File [C:/Users/ritts/Documents/Unreal Projects/MP1_ElżbietaHawełka/Saved/Config/Windows/Engine.ini]
[2020.01.23-21.47.17:789][  0]LogConfig: Applying CVar settings from Section [/Script/Engine.StreamingSettings] File [C:/Users/ritts/Documents/Unreal Projects/MP1_ElżbietaHawełka/Saved/Config/Windows/Engine.ini]
[2020.01.23-21.47.17:789][  0]LogConfig: Setting CVar [[s.MinBulkDataSizeForAsyncLoading:131072]]
[2020.01.23-21.47.17:789][  0]LogConfig: Setting CVar [[s.AsyncLoadingThreadEnabled:0]]
[2020.01.23-21.47.17:789][  0]LogConfig: Setting CVar [[s.EventDrivenLoaderEnabled:1]]
[2020.01.23-21.47.17:789][  0]LogConfig: Setting CVar [[s.WarnIfTimeLimitExceeded:0]]
[2020.01.23-21.47.17:789][  0]LogConfig: Setting CVar [[s.TimeLimitExceededMultiplier:1.5]]
[2020.01.23-21.47.17:789][  0]LogConfig: Setting CVar [[s.TimeLimitExceededMinTime:0.005]]
[2020.01.23-21.47.17:789][  0]LogConfig: Setting CVar [[s.UseBackgroundLevelStreaming:1]]
[2020.01.23-21.47.17:789][  0]LogConfig: Setting CVar [[s.PriorityAsyncLoadingExtraTime:15.0]]
[2020.01.23-21.47.17:789][  0]LogConfig: Setting CVar [[s.LevelStreamingActorsUpdateTimeLimit:5.0]]
[2020.01.23-21.47.17:789][  0]LogConfig: Setting CVar [[s.PriorityLevelStreamingActorsUpdateExtraTime:5.0]]
[2020.01.23-21.47.17:789][  0]LogConfig: Setting CVar [[s.LevelStreamingComponentsRegistrationGranularity:10]]
[2020.01.23-21.47.17:789][  0]LogConfig: Setting CVar [[s.UnregisterComponentsTimeLimit:1.0]]
[2020.01.23-21.47.17:789][  0]LogConfig: Setting CVar [[s.LevelStreamingComponentsUnregistrationGranularity:5]]
[2020.01.23-21.47.17:789][  0]LogConfig: Setting CVar [[s.FlushStreamingOnExit:1]]
[2020.01.23-21.47.17:789][  0]LogConfig: Applying CVar settings from Section [/Script/Engine.GarbageCollectionSettings] File [C:/Users/ritts/Documents/Unreal Projects/MP1_ElżbietaHawełka/Saved/Config/Windows/Engine.ini]
[2020.01.23-21.47.17:789][  0]LogConfig: Setting CVar [[gc.MaxObjectsNotConsideredByGC:1]]
[2020.01.23-21.47.17:789][  0]LogConfig: Setting CVar [[gc.SizeOfPermanentObjectPool:0]]
[2020.01.23-21.47.17:789][  0]LogConfig: Setting CVar [[gc.FlushStreamingOnGC:0]]
[2020.01.23-21.47.17:789][  0]LogConfig: Setting CVar [[gc.NumRetriesBeforeForcingGC:10]]
[2020.01.23-21.47.17:789][  0]LogConfig: Setting CVar [[gc.AllowParallelGC:1]]
[2020.01.23-21.47.17:789][  0]LogConfig: Setting CVar [[gc.TimeBetweenPurgingPendingKillObjects:61.1]]
[2020.01.23-21.47.17:789][  0]LogConfig: Setting CVar [[gc.MaxObjectsInEditor:25165824]]
[2020.01.23-21.47.17:789][  0]LogConfig: Setting CVar [[gc.IncrementalBeginDestroyEnabled:1]]
[2020.01.23-21.47.17:789][  0]LogConfig: Setting CVar [[gc.CreateGCClusters:1]]
[2020.01.23-21.47.17:789][  0]LogConfig: Setting CVar [[gc.MinGCClusterSize:5]]
[2020.01.23-21.47.17:789][  0]LogConfig: Setting CVar [[gc.ActorClusteringEnabled:0]]
[2020.01.23-21.47.17:789][  0]LogConfig: Setting CVar [[gc.BlueprintClusteringEnabled:0]]
[2020.01.23-21.47.17:789][  0]LogConfig: Setting CVar [[gc.UseDisregardForGCOnDedicatedServers:0]]
[2020.01.23-21.47.17:789][  0]LogConfig: Applying CVar settings from Section [/Script/Engine.NetworkSettings] File [C:/Users/ritts/Documents/Unreal Projects/MP1_ElżbietaHawełka/Saved/Config/Windows/Engine.ini]
[2020.01.23-21.47.17:789][  0]LogConfig: Applying CVar settings from Section [/Script/UnrealEd.CookerSettings] File [C:/Users/ritts/Documents/Unreal Projects/MP1_ElżbietaHawełka/Saved/Config/Windows/Engine.ini]
[2020.01.23-21.47.17:792][  0]LogConfig: Applying CVar settings from Section [ViewDistanceQuality@3] File [C:/Users/ritts/Documents/Unreal Projects/MP1_ElżbietaHawełka/Saved/Config/Windows/Scalability.ini]
[2020.01.23-21.47.17:792][  0]LogConfig: Setting CVar [[r.SkeletalMeshLODBias:0]]
[2020.01.23-21.47.17:792][  0]LogConfig: Setting CVar [[r.ViewDistanceScale:1.0]]
[2020.01.23-21.47.17:792][  0]LogConfig: Applying CVar settings from Section [AntiAliasingQuality@3] File [C:/Users/ritts/Documents/Unreal Projects/MP1_ElżbietaHawełka/Saved/Config/Windows/Scalability.ini]
[2020.01.23-21.47.17:792][  0]LogConfig: Setting CVar [[r.PostProcessAAQuality:4]]
[2020.01.23-21.47.17:792][  0]LogConfig: Applying CVar settings from Section [ShadowQuality@3] File [C:/Users/ritts/Documents/Unreal Projects/MP1_ElżbietaHawełka/Saved/Config/Windows/Scalability.ini]
[2020.01.23-21.47.17:792][  0]LogConfig: Setting CVar [[r.LightFunctionQuality:1]]
[2020.01.23-21.47.17:792][  0]LogConfig: Setting CVar [[r.ShadowQuality:5]]
[2020.01.23-21.47.17:792][  0]LogConfig: Setting CVar [[r.Shadow.CSM.MaxCascades:10]]
[2020.01.23-21.47.17:792][  0]LogConfig: Setting CVar [[r.Shadow.MaxResolution:2048]]
[2020.01.23-21.47.17:792][  0]LogConfig: Setting CVar [[r.Shadow.MaxCSMResolution:2048]]
[2020.01.23-21.47.17:792][  0]LogConfig: Setting CVar [[r.Shadow.RadiusThreshold:0.01]]
[2020.01.23-21.47.17:792][  0]LogConfig: Setting CVar [[r.Shadow.DistanceScale:1.0]]
[2020.01.23-21.47.17:792][  0]LogConfig: Setting CVar [[r.Shadow.CSM.TransitionScale:1.0]]
[2020.01.23-21.47.17:792][  0]LogConfig: Setting CVar [[r.Shadow.PreShadowResolutionFactor:1.0]]
[2020.01.23-21.47.17:792][  0]LogConfig: Setting CVar [[r.DistanceFieldShadowing:1]]
[2020.01.23-21.47.17:792][  0]LogConfig: Setting CVar [[r.DistanceFieldAO:1]]
[2020.01.23-21.47.17:792][  0]LogConfig: Setting CVar [[r.AOQuality:2]]
[2020.01.23-21.47.17:792][  0]LogConfig: Setting CVar [[r.VolumetricFog:1]]
[2020.01.23-21.47.17:792][  0]LogConfig: Setting CVar [[r.VolumetricFog.GridPixelSize:8]]
[2020.01.23-21.47.17:792][  0]LogConfig: Setting CVar [[r.VolumetricFog.GridSizeZ:128]]
[2020.01.23-21.47.17:792][  0]LogConfig: Setting CVar [[r.VolumetricFog.HistoryMissSupersampleCount:4]]
[2020.01.23-21.47.17:792][  0]LogConfig: Setting CVar [[r.LightMaxDrawDistanceScale:1]]
[2020.01.23-21.47.17:792][  0]LogConfig: Setting CVar [[r.CapsuleShadows:1]]
[2020.01.23-21.47.17:793][  0]LogConfig: Applying CVar settings from Section [PostProcessQuality@3] File [C:/Users/ritts/Documents/Unreal Projects/MP1_ElżbietaHawełka/Saved/Config/Windows/Scalability.ini]
[2020.01.23-21.47.17:793][  0]LogConfig: Setting CVar [[r.MotionBlurQuality:4]]
[2020.01.23-21.47.17:793][  0]LogConfig: Setting CVar [[r.AmbientOcclusionMipLevelFactor:0.4]]
[2020.01.23-21.47.17:793][  0]LogConfig: Setting CVar [[r.AmbientOcclusionMaxQuality:100]]
[2020.01.23-21.47.17:793][  0]LogConfig: Setting CVar [[r.AmbientOcclusionLevels:-1]]
[2020.01.23-21.47.17:793][  0]LogConfig: Setting CVar [[r.AmbientOcclusionRadiusScale:1.0]]
[2020.01.23-21.47.17:793][  0]LogConfig: Setting CVar [[r.DepthOfFieldQuality:2]]
[2020.01.23-21.47.17:793][  0]LogConfig: Setting CVar [[r.RenderTargetPoolMin:400]]
[2020.01.23-21.47.17:793][  0]LogConfig: Setting CVar [[r.LensFlareQuality:2]]
[2020.01.23-21.47.17:793][  0]LogConfig: Setting CVar [[r.SceneColorFringeQuality:1]]
[2020.01.23-21.47.17:793][  0]LogConfig: Setting CVar [[r.EyeAdaptationQuality:2]]
[2020.01.23-21.47.17:793][  0]LogConfig: Setting CVar [[r.BloomQuality:5]]
[2020.01.23-21.47.17:793][  0]LogConfig: Setting CVar [[r.FastBlurThreshold:100]]
[2020.01.23-21.47.17:793][  0]LogConfig: Setting CVar [[r.Upscale.Quality:3]]
[2020.01.23-21.47.17:793][  0]LogConfig: Setting CVar [[r.Tonemapper.GrainQuantization:1]]
[2020.01.23-21.47.17:793][  0]LogConfig: Setting CVar [[r.LightShaftQuality:1]]
[2020.01.23-21.47.17:793][  0]LogConfig: Setting CVar [[r.Filter.SizeScale:1]]
[2020.01.23-21.47.17:793][  0]LogConfig: Setting CVar [[r.Tonemapper.Quality:5]]
[2020.01.23-21.47.17:793][  0]LogConfig: Setting CVar [[r.DOF.Gather.AccumulatorQuality:1        ; higher gathering accumulator quality]]
[2020.01.23-21.47.17:793][  0]LogConfig: Setting CVar [[r.DOF.Gather.PostfilterMethod:1          ; Median3x3 postfilering method]]
[2020.01.23-21.47.17:793][  0]LogConfig: Setting CVar [[r.DOF.Gather.EnableBokehSettings:0       ; no bokeh simulation when gathering]]
[2020.01.23-21.47.17:793][  0]LogConfig: Setting CVar [[r.DOF.Gather.RingCount:4                 ; medium number of samples when gathering]]
[2020.01.23-21.47.17:793][  0]LogConfig: Setting CVar [[r.DOF.Scatter.ForegroundCompositing:1    ; additive foreground scattering]]
[2020.01.23-21.47.17:793][  0]LogConfig: Setting CVar [[r.DOF.Scatter.BackgroundCompositing:2    ; additive background scattering]]
[2020.01.23-21.47.17:793][  0]LogConfig: Setting CVar [[r.DOF.Scatter.EnableBokehSettings:1      ; bokeh simulation when scattering]]
[2020.01.23-21.47.17:793][  0]LogConfig: Setting CVar [[r.DOF.Scatter.MaxSpriteRatio:0.1         ; only a maximum of 10% of scattered bokeh]]
[2020.01.23-21.47.17:793][  0]LogConfig: Setting CVar [[r.DOF.Recombine.Quality:1                ; cheap slight out of focus]]
[2020.01.23-21.47.17:793][  0]LogConfig: Setting CVar [[r.DOF.Recombine.EnableBokehSettings:0    ; no bokeh simulation on slight out of focus]]
[2020.01.23-21.47.17:793][  0]LogConfig: Setting CVar [[r.DOF.TemporalAAQuality:1                ; more stable temporal accumulation]]
[2020.01.23-21.47.17:793][  0]LogConfig: Setting CVar [[r.DOF.Kernel.MaxForegroundRadius:0.025]]
[2020.01.23-21.47.17:793][  0]LogConfig: Setting CVar [[r.DOF.Kernel.MaxBackgroundRadius:0.025]]
[2020.01.23-21.47.17:793][  0]LogConfig: Applying CVar settings from Section [TextureQuality@3] File [C:/Users/ritts/Documents/Unreal Projects/MP1_ElżbietaHawełka/Saved/Config/Windows/Scalability.ini]
[2020.01.23-21.47.17:793][  0]LogConfig: Setting CVar [[r.Streaming.MipBias:0]]
[2020.01.23-21.47.17:793][  0]LogConfig: Setting CVar [[r.Streaming.AmortizeCPUToGPUCopy:0]]
[2020.01.23-21.47.17:793][  0]LogConfig: Setting CVar [[r.Streaming.MaxNumTexturesToStreamPerFrame:0]]
[2020.01.23-21.47.17:793][  0]LogConfig: Setting CVar [[r.Streaming.Boost:1]]
[2020.01.23-21.47.17:793][  0]LogConfig: Setting CVar [[r.MaxAnisotropy:8]]
[2020.01.23-21.47.17:793][  0]LogConfig: Setting CVar [[r.VT.MaxAnisotropy:8]]
[2020.01.23-21.47.17:793][  0]LogConfig: Setting CVar [[r.Streaming.LimitPoolSizeToVRAM:0]]
[2020.01.23-21.47.17:793][  0]LogConfig: Setting CVar [[r.Streaming.PoolSize:1000]]
[2020.01.23-21.47.17:793][  0]LogConfig: Setting CVar [[r.Streaming.MaxEffectiveScreenSize:0]]
[2020.01.23-21.47.17:793][  0]LogConfig: Applying CVar settings from Section [EffectsQuality@3] File [C:/Users/ritts/Documents/Unreal Projects/MP1_ElżbietaHawełka/Saved/Config/Windows/Scalability.ini]
[2020.01.23-21.47.17:793][  0]LogConfig: Setting CVar [[r.TranslucencyLightingVolumeDim:64]]
[2020.01.23-21.47.17:793][  0]LogConfig: Setting CVar [[r.RefractionQuality:2]]
[2020.01.23-21.47.17:793][  0]LogConfig: Setting CVar [[r.SSR.Quality:3]]
[2020.01.23-21.47.17:793][  0]LogConfig: Setting CVar [[r.SSR.HalfResSceneColor:0]]
[2020.01.23-21.47.17:793][  0]LogConfig: Setting CVar [[r.SceneColorFormat:4]]
[2020.01.23-21.47.17:793][  0]LogConfig: Setting CVar [[r.DetailMode:2]]
[2020.01.23-21.47.17:793][  0]LogConfig: Setting CVar [[r.TranslucencyVolumeBlur:1]]
[2020.01.23-21.47.17:793][  0]LogConfig: Setting CVar [[r.MaterialQualityLevel:1 ; High quality]]
[2020.01.23-21.47.17:793][  0]LogConfig: Setting CVar [[r.SSS.Scale:1]]
[2020.01.23-21.47.17:793][  0]LogConfig: Setting CVar [[r.SSS.SampleSet:2]]
[2020.01.23-21.47.17:793][  0]LogConfig: Setting CVar [[r.SSS.Quality:1]]
[2020.01.23-21.47.17:793][  0]LogConfig: Setting CVar [[r.SSS.HalfRes:1]]
[2020.01.23-21.47.17:793][  0]LogConfig: Setting CVar [[r.SSGI.Quality:3]]
[2020.01.23-21.47.17:793][  0]LogConfig: Setting CVar [[r.EmitterSpawnRateScale:1.0]]
[2020.01.23-21.47.17:793][  0]LogConfig: Setting CVar [[r.ParticleLightQuality:2]]
[2020.01.23-21.47.17:793][  0]LogConfig: Setting CVar [[r.SkyAtmosphere.AerialPerspectiveLUT.FastApplyOnOpaque:1 ; Always have FastSkyLUT 1 in this case to avoid wrong sky]]
[2020.01.23-21.47.17:793][  0]LogConfig: Setting CVar [[r.SkyAtmosphere.AerialPerspectiveLUT.SampleCountPerSlice:1]]
[2020.01.23-21.47.17:793][  0]LogConfig: Setting CVar [[r.SkyAtmosphere.AerialPerspectiveLUT.DepthResolution:16.0]]
[2020.01.23-21.47.17:793][  0]LogConfig: Setting CVar [[r.SkyAtmosphere.FastSkyLUT:1]]
[2020.01.23-21.47.17:793][  0]LogConfig: Setting CVar [[r.SkyAtmosphere.FastSkyLUT.SampleCountMin:4.0]]
[2020.01.23-21.47.17:793][  0]LogConfig: Setting CVar [[r.SkyAtmosphere.FastSkyLUT.SampleCountMax:32.0]]
[2020.01.23-21.47.17:793][  0]LogConfig: Setting CVar [[r.SkyAtmosphere.SampleCountMin:4.0]]
[2020.01.23-21.47.17:793][  0]LogConfig: Setting CVar [[r.SkyAtmosphere.SampleCountMax:32.0]]
[2020.01.23-21.47.17:793][  0]LogConfig: Setting CVar [[r.SkyAtmosphere.TransmittanceLUT.UseSmallFormat:0]]
[2020.01.23-21.47.17:793][  0]LogConfig: Setting CVar [[r.SkyAtmosphere.TransmittanceLUT.SampleCount:10.0]]
[2020.01.23-21.47.17:793][  0]LogConfig: Setting CVar [[r.SkyAtmosphere.MultiScatteringLUT.SampleCount:15.0]]
[2020.01.23-21.47.17:794][  0]LogConfig: Applying CVar settings from Section [FoliageQuality@3] File [C:/Users/ritts/Documents/Unreal Projects/MP1_ElżbietaHawełka/Saved/Config/Windows/Scalability.ini]
[2020.01.23-21.47.17:794][  0]LogConfig: Setting CVar [[foliage.DensityScale:1.0]]
[2020.01.23-21.47.17:794][  0]LogConfig: Setting CVar [[grass.DensityScale:1.0]]
[2020.01.23-21.47.17:794][  0]LogConfig: Applying CVar settings from Section [ShadingQuality@3] File [C:/Users/ritts/Documents/Unreal Projects/MP1_ElżbietaHawełka/Saved/Config/Windows/Scalability.ini]
[2020.01.23-21.47.17:794][  0]LogConfig: Setting CVar [[r.HairStrands.SkyLighting.SampleCount:16]]
[2020.01.23-21.47.17:794][  0]LogConfig: Setting CVar [[r.HairStrands.SkyLighting.JitterIntegration:0]]
[2020.01.23-21.47.17:794][  0]LogConfig: Setting CVar [[r.HairStrands.SkyAO.SampleCount:16]]
[2020.01.23-21.47.17:794][  0]LogInit: Selected Device Profile: [Windows]
[2020.01.23-21.47.17:794][  0]LogInit: Applying CVar settings loaded from the selected device profile: [Windows]
[2020.01.23-21.47.17:796][  0]LogHAL: Display: Platform has ~ 16 GB [17018638336 / 17179869184 / 16], which maps to Larger [LargestMinGB=32, LargerMinGB=12, DefaultMinGB=8, SmallerMinGB=6, SmallestMinGB=0)
[2020.01.23-21.47.17:796][  0]LogInit: Going up to parent DeviceProfile []
[2020.01.23-21.47.17:796][  0]LogConfig: Applying CVar settings from Section [ViewDistanceQuality@3] File [C:/Users/ritts/Documents/Unreal Projects/MP1_ElżbietaHawełka/Saved/Config/Windows/Scalability.ini]
[2020.01.23-21.47.17:796][  0]LogConfig: Setting CVar [[r.SkeletalMeshLODBias:0]]
[2020.01.23-21.47.17:796][  0]LogConfig: Setting CVar [[r.ViewDistanceScale:1.0]]
[2020.01.23-21.47.17:796][  0]LogConfig: Applying CVar settings from Section [AntiAliasingQuality@3] File [C:/Users/ritts/Documents/Unreal Projects/MP1_ElżbietaHawełka/Saved/Config/Windows/Scalability.ini]
[2020.01.23-21.47.17:796][  0]LogConfig: Setting CVar [[r.PostProcessAAQuality:4]]
[2020.01.23-21.47.17:796][  0]LogConfig: Applying CVar settings from Section [ShadowQuality@3] File [C:/Users/ritts/Documents/Unreal Projects/MP1_ElżbietaHawełka/Saved/Config/Windows/Scalability.ini]
[2020.01.23-21.47.17:796][  0]LogConfig: Setting CVar [[r.LightFunctionQuality:1]]
[2020.01.23-21.47.17:796][  0]LogConfig: Setting CVar [[r.ShadowQuality:5]]
[2020.01.23-21.47.17:796][  0]LogConfig: Setting CVar [[r.Shadow.CSM.MaxCascades:10]]
[2020.01.23-21.47.17:796][  0]LogConfig: Setting CVar [[r.Shadow.MaxResolution:2048]]
[2020.01.23-21.47.17:797][  0]LogConfig: Setting CVar [[r.Shadow.MaxCSMResolution:2048]]
[2020.01.23-21.47.17:797][  0]LogConfig: Setting CVar [[r.Shadow.RadiusThreshold:0.01]]
[2020.01.23-21.47.17:797][  0]LogConfig: Setting CVar [[r.Shadow.DistanceScale:1.0]]
[2020.01.23-21.47.17:797][  0]LogConfig: Setting CVar [[r.Shadow.CSM.TransitionScale:1.0]]
[2020.01.23-21.47.17:797][  0]LogConfig: Setting CVar [[r.Shadow.PreShadowResolutionFactor:1.0]]
[2020.01.23-21.47.17:797][  0]LogConfig: Setting CVar [[r.DistanceFieldShadowing:1]]
[2020.01.23-21.47.17:797][  0]LogConfig: Setting CVar [[r.DistanceFieldAO:1]]
[2020.01.23-21.47.17:797][  0]LogConfig: Setting CVar [[r.AOQuality:2]]
[2020.01.23-21.47.17:797][  0]LogConfig: Setting CVar [[r.VolumetricFog:1]]
[2020.01.23-21.47.17:797][  0]LogConfig: Setting CVar [[r.VolumetricFog.GridPixelSize:8]]
[2020.01.23-21.47.17:797][  0]LogConfig: Setting CVar [[r.VolumetricFog.GridSizeZ:128]]
[2020.01.23-21.47.17:797][  0]LogConfig: Setting CVar [[r.VolumetricFog.HistoryMissSupersampleCount:4]]
[2020.01.23-21.47.17:797][  0]LogConfig: Setting CVar [[r.LightMaxDrawDistanceScale:1]]
[2020.01.23-21.47.17:797][  0]LogConfig: Setting CVar [[r.CapsuleShadows:1]]
[2020.01.23-21.47.17:797][  0]LogConfig: Applying CVar settings from Section [PostProcessQuality@3] File [C:/Users/ritts/Documents/Unreal Projects/MP1_ElżbietaHawełka/Saved/Config/Windows/Scalability.ini]
[2020.01.23-21.47.17:797][  0]LogConfig: Setting CVar [[r.MotionBlurQuality:4]]
[2020.01.23-21.47.17:797][  0]LogConfig: Setting CVar [[r.AmbientOcclusionMipLevelFactor:0.4]]
[2020.01.23-21.47.17:797][  0]LogConfig: Setting CVar [[r.AmbientOcclusionMaxQuality:100]]
[2020.01.23-21.47.17:797][  0]LogConfig: Setting CVar [[r.AmbientOcclusionLevels:-1]]
[2020.01.23-21.47.17:797][  0]LogConfig: Setting CVar [[r.AmbientOcclusionRadiusScale:1.0]]
[2020.01.23-21.47.17:797][  0]LogConfig: Setting CVar [[r.DepthOfFieldQuality:2]]
[2020.01.23-21.47.17:797][  0]LogConfig: Setting CVar [[r.RenderTargetPoolMin:400]]
[2020.01.23-21.47.17:797][  0]LogConfig: Setting CVar [[r.LensFlareQuality:2]]
[2020.01.23-21.47.17:797][  0]LogConfig: Setting CVar [[r.SceneColorFringeQuality:1]]
[2020.01.23-21.47.17:797][  0]LogConfig: Setting CVar [[r.EyeAdaptationQuality:2]]
[2020.01.23-21.47.17:797][  0]LogConfig: Setting CVar [[r.BloomQuality:5]]
[2020.01.23-21.47.17:797][  0]LogConfig: Setting CVar [[r.FastBlurThreshold:100]]
[2020.01.23-21.47.17:797][  0]LogConfig: Setting CVar [[r.Upscale.Quality:3]]
[2020.01.23-21.47.17:797][  0]LogConfig: Setting CVar [[r.Tonemapper.GrainQuantization:1]]
[2020.01.23-21.47.17:797][  0]LogConfig: Setting CVar [[r.LightShaftQuality:1]]
[2020.01.23-21.47.17:797][  0]LogConfig: Setting CVar [[r.Filter.SizeScale:1]]
[2020.01.23-21.47.17:797][  0]LogConfig: Setting CVar [[r.Tonemapper.Quality:5]]
[2020.01.23-21.47.17:797][  0]LogConfig: Setting CVar [[r.DOF.Gather.AccumulatorQuality:1        ; higher gathering accumulator quality]]
[2020.01.23-21.47.17:797][  0]LogConfig: Setting CVar [[r.DOF.Gather.PostfilterMethod:1          ; Median3x3 postfilering method]]
[2020.01.23-21.47.17:797][  0]LogConfig: Setting CVar [[r.DOF.Gather.EnableBokehSettings:0       ; no bokeh simulation when gathering]]
[2020.01.23-21.47.17:797][  0]LogConfig: Setting CVar [[r.DOF.Gather.RingCount:4                 ; medium number of samples when gathering]]
[2020.01.23-21.47.17:797][  0]LogConfig: Setting CVar [[r.DOF.Scatter.ForegroundCompositing:1    ; additive foreground scattering]]
[2020.01.23-21.47.17:797][  0]LogConfig: Setting CVar [[r.DOF.Scatter.BackgroundCompositing:2    ; additive background scattering]]
[2020.01.23-21.47.17:797][  0]LogConfig: Setting CVar [[r.DOF.Scatter.EnableBokehSettings:1      ; bokeh simulation when scattering]]
[2020.01.23-21.47.17:797][  0]LogConfig: Setting CVar [[r.DOF.Scatter.MaxSpriteRatio:0.1         ; only a maximum of 10% of scattered bokeh]]
[2020.01.23-21.47.17:797][  0]LogConfig: Setting CVar [[r.DOF.Recombine.Quality:1                ; cheap slight out of focus]]
[2020.01.23-21.47.17:797][  0]LogConfig: Setting CVar [[r.DOF.Recombine.EnableBokehSettings:0    ; no bokeh simulation on slight out of focus]]
[2020.01.23-21.47.17:797][  0]LogConfig: Setting CVar [[r.DOF.TemporalAAQuality:1                ; more stable temporal accumulation]]
[2020.01.23-21.47.17:797][  0]LogConfig: Setting CVar [[r.DOF.Kernel.MaxForegroundRadius:0.025]]
[2020.01.23-21.47.17:797][  0]LogConfig: Setting CVar [[r.DOF.Kernel.MaxBackgroundRadius:0.025]]
[2020.01.23-21.47.17:797][  0]LogConfig: Applying CVar settings from Section [TextureQuality@3] File [C:/Users/ritts/Documents/Unreal Projects/MP1_ElżbietaHawełka/Saved/Config/Windows/Scalability.ini]
[2020.01.23-21.47.17:797][  0]LogConfig: Setting CVar [[r.Streaming.MipBias:0]]
[2020.01.23-21.47.17:797][  0]LogConfig: Setting CVar [[r.Streaming.AmortizeCPUToGPUCopy:0]]
[2020.01.23-21.47.17:797][  0]LogConfig: Setting CVar [[r.Streaming.MaxNumTexturesToStreamPerFrame:0]]
[2020.01.23-21.47.17:797][  0]LogConfig: Setting CVar [[r.Streaming.Boost:1]]
[2020.01.23-21.47.17:797][  0]LogConfig: Setting CVar [[r.MaxAnisotropy:8]]
[2020.01.23-21.47.17:797][  0]LogConfig: Setting CVar [[r.VT.MaxAnisotropy:8]]
[2020.01.23-21.47.17:797][  0]LogConfig: Setting CVar [[r.Streaming.LimitPoolSizeToVRAM:0]]
[2020.01.23-21.47.17:797][  0]LogConfig: Setting CVar [[r.Streaming.PoolSize:1000]]
[2020.01.23-21.47.17:797][  0]LogConfig: Setting CVar [[r.Streaming.MaxEffectiveScreenSize:0]]
[2020.01.23-21.47.17:797][  0]LogConfig: Applying CVar settings from Section [EffectsQuality@3] File [C:/Users/ritts/Documents/Unreal Projects/MP1_ElżbietaHawełka/Saved/Config/Windows/Scalability.ini]
[2020.01.23-21.47.17:797][  0]LogConfig: Setting CVar [[r.TranslucencyLightingVolumeDim:64]]
[2020.01.23-21.47.17:797][  0]LogConfig: Setting CVar [[r.RefractionQuality:2]]
[2020.01.23-21.47.17:797][  0]LogConfig: Setting CVar [[r.SSR.Quality:3]]
[2020.01.23-21.47.17:797][  0]LogConfig: Setting CVar [[r.SSR.HalfResSceneColor:0]]
[2020.01.23-21.47.17:797][  0]LogConfig: Setting CVar [[r.SceneColorFormat:4]]
[2020.01.23-21.47.17:797][  0]LogConfig: Setting CVar [[r.DetailMode:2]]
[2020.01.23-21.47.17:797][  0]LogConfig: Setting CVar [[r.TranslucencyVolumeBlur:1]]
[2020.01.23-21.47.17:797][  0]LogConfig: Setting CVar [[r.MaterialQualityLevel:1 ; High quality]]
[2020.01.23-21.47.17:797][  0]LogConfig: Setting CVar [[r.SSS.Scale:1]]
[2020.01.23-21.47.17:797][  0]LogConfig: Setting CVar [[r.SSS.SampleSet:2]]
[2020.01.23-21.47.17:797][  0]LogConfig: Setting CVar [[r.SSS.Quality:1]]
[2020.01.23-21.47.17:797][  0]LogConfig: Setting CVar [[r.SSS.HalfRes:1]]
[2020.01.23-21.47.17:797][  0]LogConfig: Setting CVar [[r.SSGI.Quality:3]]
[2020.01.23-21.47.17:797][  0]LogConfig: Setting CVar [[r.EmitterSpawnRateScale:1.0]]
[2020.01.23-21.47.17:797][  0]LogConfig: Setting CVar [[r.ParticleLightQuality:2]]
[2020.01.23-21.47.17:797][  0]LogConfig: Setting CVar [[r.SkyAtmosphere.AerialPerspectiveLUT.FastApplyOnOpaque:1 ; Always have FastSkyLUT 1 in this case to avoid wrong sky]]
[2020.01.23-21.47.17:797][  0]LogConfig: Setting CVar [[r.SkyAtmosphere.AerialPerspectiveLUT.SampleCountPerSlice:1]]
[2020.01.23-21.47.17:797][  0]LogConfig: Setting CVar [[r.SkyAtmosphere.AerialPerspectiveLUT.DepthResolution:16.0]]
[2020.01.23-21.47.17:797][  0]LogConfig: Setting CVar [[r.SkyAtmosphere.FastSkyLUT:1]]
[2020.01.23-21.47.17:798][  0]LogConfig: Setting CVar [[r.SkyAtmosphere.FastSkyLUT.SampleCountMin:4.0]]
[2020.01.23-21.47.17:798][  0]LogConfig: Setting CVar [[r.SkyAtmosphere.FastSkyLUT.SampleCountMax:32.0]]
[2020.01.23-21.47.17:798][  0]LogConfig: Setting CVar [[r.SkyAtmosphere.SampleCountMin:4.0]]
[2020.01.23-21.47.17:798][  0]LogConfig: Setting CVar [[r.SkyAtmosphere.SampleCountMax:32.0]]
[2020.01.23-21.47.17:798][  0]LogConfig: Setting CVar [[r.SkyAtmosphere.TransmittanceLUT.UseSmallFormat:0]]
[2020.01.23-21.47.17:798][  0]LogConfig: Setting CVar [[r.SkyAtmosphere.TransmittanceLUT.SampleCount:10.0]]
[2020.01.23-21.47.17:798][  0]LogConfig: Setting CVar [[r.SkyAtmosphere.MultiScatteringLUT.SampleCount:15.0]]
[2020.01.23-21.47.17:798][  0]LogConfig: Applying CVar settings from Section [FoliageQuality@3] File [C:/Users/ritts/Documents/Unreal Projects/MP1_ElżbietaHawełka/Saved/Config/Windows/Scalability.ini]
[2020.01.23-21.47.17:798][  0]LogConfig: Setting CVar [[foliage.DensityScale:1.0]]
[2020.01.23-21.47.17:798][  0]LogConfig: Setting CVar [[grass.DensityScale:1.0]]
[2020.01.23-21.47.17:798][  0]LogConfig: Applying CVar settings from Section [ShadingQuality@3] File [C:/Users/ritts/Documents/Unreal Projects/MP1_ElżbietaHawełka/Saved/Config/Windows/Scalability.ini]
[2020.01.23-21.47.17:798][  0]LogConfig: Setting CVar [[r.HairStrands.SkyLighting.SampleCount:16]]
[2020.01.23-21.47.17:798][  0]LogConfig: Setting CVar [[r.HairStrands.SkyLighting.JitterIntegration:0]]
[2020.01.23-21.47.17:798][  0]LogConfig: Setting CVar [[r.HairStrands.SkyAO.SampleCount:16]]
[2020.01.23-21.47.17:798][  0]LogConfig: Applying CVar settings from Section [Startup] File [../../../Engine/Config/ConsoleVariables.ini]
[2020.01.23-21.47.17:798][  0]LogConfig: Setting CVar [[net.UseAdaptiveNetUpdateFrequency:0]]
[2020.01.23-21.47.17:798][  0]LogConfig: Setting CVar [[p.chaos.AllowCreatePhysxBodies:1]]
[2020.01.23-21.47.17:798][  0]LogConfig: Applying CVar settings from Section [ConsoleVariables] File [C:/Users/ritts/Documents/Unreal Projects/MP1_ElżbietaHawełka/Saved/Config/Windows/Engine.ini]
[2020.01.23-21.47.17:798][  0]LogInit: Computer: MSI
[2020.01.23-21.47.17:798][  0]LogInit: User: ritts
[2020.01.23-21.47.17:798][  0]LogInit: CPU Page size=4096, Cores=6
[2020.01.23-21.47.17:798][  0]LogInit: High frequency timer resolution =10.000000 MHz
[2020.01.23-21.47.17:798][  0]LogMemory: Memory total: Physical=15.8GB (16GB approx)
[2020.01.23-21.47.17:798][  0]LogMemory: Platform Memory Stats for Windows
[2020.01.23-21.47.17:798][  0]LogMemory: Process Physical Memory: 105.26 MB used, 105.27 MB peak
[2020.01.23-21.47.17:798][  0]LogMemory: Process Virtual Memory: 101.77 MB used, 101.77 MB peak
[2020.01.23-21.47.17:798][  0]LogMemory: Physical Memory: 9220.81 MB used,  7009.43 MB free, 16230.24 MB total
[2020.01.23-21.47.17:798][  0]LogMemory: Virtual Memory: 5124.91 MB used,  134212600.00 MB free, 134217728.00 MB total
[2020.01.23-21.47.18:100][  0]LogWindows: WindowsPlatformFeatures enabled
[2020.01.23-21.47.18:126][  0]LogInit: Using OS detected language (pl-PL).
[2020.01.23-21.47.18:126][  0]LogInit: Using OS detected locale (pl-PL).
[2020.01.23-21.47.18:128][  0]LogTextLocalizationManager: No specific localization for 'pl-PL' exists, so the 'pl' localization will be used.
[2020.01.23-21.47.18:129][  0]LogTextLocalizationResource: LocRes '../../../Engine/Content/Localization/Editor/pl/Editor.locres' could not be opened for reading!
[2020.01.23-21.47.18:129][  0]LogTextLocalizationResource: LocRes '../../../Engine/Content/Localization/EditorTutorials/pl/EditorTutorials.locres' could not be opened for reading!
[2020.01.23-21.47.18:129][  0]LogTextLocalizationResource: LocRes '../../../Engine/Content/Localization/Keywords/pl/Keywords.locres' could not be opened for reading!
[2020.01.23-21.47.18:129][  0]LogTextLocalizationResource: LocRes '../../../Engine/Content/Localization/Category/pl/Category.locres' could not be opened for reading!
[2020.01.23-21.47.18:129][  0]LogTextLocalizationResource: LocRes '../../../Engine/Content/Localization/ToolTips/pl/ToolTips.locres' could not be opened for reading!
[2020.01.23-21.47.18:129][  0]LogTextLocalizationResource: LocRes '../../../Engine/Content/Localization/PropertyNames/pl/PropertyNames.locres' could not be opened for reading!
[2020.01.23-21.47.18:130][  0]LogTextLocalizationResource: LocRes '../../../Engine/Content/Localization/Engine/pl/Engine.locres' could not be opened for reading!
[2020.01.23-21.47.18:131][  0]LogInit: Setting process to per monitor DPI aware
[2020.01.23-21.47.18:172][  0]LogSlate: New Slate User Created.  User Index 0, Is Virtual User: 0
[2020.01.23-21.47.18:172][  0]LogSlate: Slate User Registered.  User Index 0, Is Virtual User: 0
[2020.01.23-21.47.18:396][  0]LogHMD: Failed to initialize OpenVR with code 110
[2020.01.23-21.47.18:396][  0]LogD3D11RHI: D3D11 min allowed feature level: 11_0
[2020.01.23-21.47.18:396][  0]LogD3D11RHI: D3D11 max allowed feature level: 11_0
[2020.01.23-21.47.18:396][  0]LogD3D11RHI: D3D11 adapters:
[2020.01.23-21.47.18:472][  0]LogD3D11RHI:    0. 'NVIDIA GeForce GTX 1060' (Feature Level 11_0)
[2020.01.23-21.47.18:472][  0]LogD3D11RHI:       6052/0/8115 MB DedicatedVideo/DedicatedSystem/SharedSystem, Outputs:1, VendorId:0x10de
[2020.01.23-21.47.18:488][  0]LogD3D11RHI:    1. 'Intel(R) UHD Graphics 630' (Feature Level 11_0)
[2020.01.23-21.47.18:488][  0]LogD3D11RHI:       128/0/8115 MB DedicatedVideo/DedicatedSystem/SharedSystem, Outputs:0, VendorId:0x8086
[2020.01.23-21.47.18:491][  0]LogD3D11RHI:    2. 'Microsoft Basic Render Driver' (Feature Level 11_0)
[2020.01.23-21.47.18:491][  0]LogD3D11RHI:       0/0/8115 MB DedicatedVideo/DedicatedSystem/SharedSystem, Outputs:0, VendorId:0x1414
[2020.01.23-21.47.18:491][  0]LogD3D11RHI: Chosen D3D11 Adapter: 0
[2020.01.23-21.47.18:537][  0]LogD3D11RHI: Creating new Direct3DDevice
[2020.01.23-21.47.18:537][  0]LogD3D11RHI:     GPU DeviceId: 0x1c20 (for the marketing name, search the web for "GPU Device Id")
[2020.01.23-21.47.18:537][  0]LogWindows: EnumDisplayDevices:
[2020.01.23-21.47.18:537][  0]LogWindows:    0. 'Intel(R) UHD Graphics 630' (P:1 D:1)
[2020.01.23-21.47.18:537][  0]LogWindows:    1. 'Intel(R) UHD Graphics 630' (P:0 D:0)
[2020.01.23-21.47.18:538][  0]LogWindows:    2. 'Intel(R) UHD Graphics 630' (P:0 D:0)
[2020.01.23-21.47.18:538][  0]LogWindows:    3. 'NVIDIA GeForce GTX 1060' (P:0 D:0)
[2020.01.23-21.47.18:538][  0]LogWindows:    4. 'NVIDIA GeForce GTX 1060' (P:0 D:0)
[2020.01.23-21.47.18:539][  0]LogWindows:    5. 'NVIDIA GeForce GTX 1060' (P:0 D:0)
[2020.01.23-21.47.18:539][  0]LogWindows:    6. 'NVIDIA GeForce GTX 1060' (P:0 D:0)
[2020.01.23-21.47.18:539][  0]LogWindows: DebugString: PrimaryIsNotTheChoosenAdapter PrimaryIsNotTheChoosenAdapter PrimaryIsNotTheChoosenAdapter FoundDriverCount:4 
[2020.01.23-21.47.18:539][  0]LogD3D11RHI:     Adapter Name: NVIDIA GeForce GTX 1060
[2020.01.23-21.47.18:539][  0]LogD3D11RHI:   Driver Version: 398.35 (internal:24.21.13.9835, unified:398.35)
[2020.01.23-21.47.18:539][  0]LogD3D11RHI:      Driver Date: 6-21-2018
[2020.01.23-21.47.18:539][  0]LogRHI: Texture pool is 4236 MB (70% of 6052 MB)
[2020.01.23-21.47.18:581][  0]LogD3D11RHI: RHI has support for 64 bit atomics
[2020.01.23-21.47.18:581][  0]LogD3D11RHI: Async texture creation enabled
[2020.01.23-21.47.18:597][  0]LogD3D11RHI: GPU Timing Frequency: 1000.000000 (Debug: 2 2)
[2020.01.23-21.47.18:941][  0]LogTargetPlatformManager: Display: Loaded TargetPlatform 'AllDesktop'
[2020.01.23-21.47.18:972][  0]LogTargetPlatformManager: Display: Loaded TargetPlatform 'Android'
[2020.01.23-21.47.18:972][  0]LogTargetPlatformManager: Display: Loaded TargetPlatform 'Android_ASTC'
[2020.01.23-21.47.18:972][  0]LogTargetPlatformManager: Display: Loaded TargetPlatform 'Android_ATC'
[2020.01.23-21.47.18:972][  0]LogTargetPlatformManager: Display: Loaded TargetPlatform 'Android_DXT'
[2020.01.23-21.47.18:972][  0]LogTargetPlatformManager: Display: Loaded TargetPlatform 'Android_ETC1'
[2020.01.23-21.47.18:972][  0]LogTargetPlatformManager: Display: Loaded TargetPlatform 'Android_ETC1a'
[2020.01.23-21.47.18:972][  0]LogTargetPlatformManager: Display: Loaded TargetPlatform 'Android_ETC2'
[2020.01.23-21.47.18:972][  0]LogTargetPlatformManager: Display: Loaded TargetPlatform 'Android_PVRTC'
[2020.01.23-21.47.18:972][  0]LogTargetPlatformManager: Display: Loaded TargetPlatform 'AndroidClient'
[2020.01.23-21.47.18:972][  0]LogTargetPlatformManager: Display: Loaded TargetPlatform 'Android_ASTCClient'
[2020.01.23-21.47.18:972][  0]LogTargetPlatformManager: Display: Loaded TargetPlatform 'Android_ATCClient'
[2020.01.23-21.47.18:972][  0]LogTargetPlatformManager: Display: Loaded TargetPlatform 'Android_DXTClient'
[2020.01.23-21.47.18:972][  0]LogTargetPlatformManager: Display: Loaded TargetPlatform 'Android_ETC1Client'
[2020.01.23-21.47.18:972][  0]LogTargetPlatformManager: Display: Loaded TargetPlatform 'Android_ETC1aClient'
[2020.01.23-21.47.18:972][  0]LogTargetPlatformManager: Display: Loaded TargetPlatform 'Android_ETC2Client'
[2020.01.23-21.47.18:972][  0]LogTargetPlatformManager: Display: Loaded TargetPlatform 'Android_PVRTCClient'
[2020.01.23-21.47.18:972][  0]LogTargetPlatformManager: Display: Loaded TargetPlatform 'Android_Multi'
[2020.01.23-21.47.18:972][  0]LogTargetPlatformManager: Display: Loaded TargetPlatform 'Android_MultiClient'
[2020.01.23-21.47.18:989][  0]LogTargetPlatformManager: Display: Loaded TargetPlatform 'IOSClient'
[2020.01.23-21.47.18:989][  0]LogTargetPlatformManager: Display: Loaded TargetPlatform 'IOS'
[2020.01.23-21.47.18:996][  0]LogTargetPlatformManager: Display: Loaded TargetPlatform 'LinuxNoEditor'
[2020.01.23-21.47.19:004][  0]LogTargetPlatformManager: Display: Loaded TargetPlatform 'LinuxClient'
[2020.01.23-21.47.19:012][  0]LogTargetPlatformManager: Display: Loaded TargetPlatform 'LinuxServer'
[2020.01.23-21.47.19:019][  0]LogTargetPlatformManager: Display: Loaded TargetPlatform 'LinuxAArch64NoEditor'
[2020.01.23-21.47.19:026][  0]LogTargetPlatformManager: Display: Loaded TargetPlatform 'LinuxAArch64Client'
[2020.01.23-21.47.19:033][  0]LogTargetPlatformManager: Display: Loaded TargetPlatform 'LinuxAArch64Server'
[2020.01.23-21.47.19:056][  0]LogTargetPlatformManager: Display: Loaded TargetPlatform 'Lumin'
[2020.01.23-21.47.19:056][  0]LogTargetPlatformManager: Display: Loaded TargetPlatform 'LuminClient'
[2020.01.23-21.47.19:069][  0]LogTargetPlatformManager: Display: Loaded TargetPlatform 'TVOSClient'
[2020.01.23-21.47.19:069][  0]LogTargetPlatformManager: Display: Loaded TargetPlatform 'TVOS'
[2020.01.23-21.47.19:076][  0]LogTargetPlatformManager: Display: Loaded TargetPlatform 'WindowsNoEditor'
[2020.01.23-21.47.19:083][  0]LogTargetPlatformManager: Display: Loaded TargetPlatform 'Windows'
[2020.01.23-21.47.19:090][  0]LogTargetPlatformManager: Display: Loaded TargetPlatform 'WindowsClient'
[2020.01.23-21.47.19:097][  0]LogTargetPlatformManager: Display: Loaded TargetPlatform 'WindowsServer'
[2020.01.23-21.47.19:097][  0]LogTargetPlatformManager: Display: Building Assets For Windows
[2020.01.23-21.47.19:101][  0]LogAudioDebug: Display: Lib vorbis DLL was dynamically loaded.
[2020.01.23-21.47.19:127][  0]LogShaderCompilers: Guid format shader working directory is -30 characters bigger than the processId version (../../../../../../Users/ritts/Documents/Unreal Projects/MP1_ElżbietaHawełka/Intermediate/Shaders/WorkingDirectory/19992/).
[2020.01.23-21.47.19:127][  0]LogShaderCompilers: Cleaned the shader compiler working directory 'C:/Users/ritts/AppData/Local/Temp/UnrealShaderWorkingDir/940527DE449DDA5B40AF85BADC17E5E4/'.
[2020.01.23-21.47.19:128][  0]LogXGEController: Cannot use XGE Controller as Incredibuild is not installed on this machine.
[2020.01.23-21.47.19:128][  0]LogShaderCompilers: Cannot use XGE Shader Compiler as Incredibuild is not installed on this machine.
[2020.01.23-21.47.19:128][  0]LogShaderCompilers: Display: Using Local Shader Compiler.
[2020.01.23-21.47.19:784][  0]LogDerivedDataCache: Display: Max Cache Size: 512 MB
[2020.01.23-21.47.19:833][  0]LogDerivedDataCache: Loaded boot cache 0.05s 78MB C:/Users/ritts/AppData/Local/UnrealEngine/4.24/DerivedDataCache/Boot.ddc.
[2020.01.23-21.47.19:833][  0]LogDerivedDataCache: Display: Loaded Boot cache: C:/Users/ritts/AppData/Local/UnrealEngine/4.24/DerivedDataCache/Boot.ddc
[2020.01.23-21.47.19:833][  0]LogDerivedDataCache: FDerivedDataBackendGraph:  Pak pak cache file ../../../../../../Users/ritts/Documents/Unreal Projects/MP1_ElżbietaHawełka/DerivedDataCache/DDC.ddp not found, will not use a pak cache.
[2020.01.23-21.47.19:833][  0]LogDerivedDataCache: Unable to find inner node Pak for hierarchical cache Hierarchy.
[2020.01.23-21.47.19:833][  0]LogDerivedDataCache: FDerivedDataBackendGraph:  CompressedPak pak cache file ../../../../../../Users/ritts/Documents/Unreal Projects/MP1_ElżbietaHawełka/DerivedDataCache/Compressed.ddp not found, will not use a pak cache.
[2020.01.23-21.47.19:833][  0]LogDerivedDataCache: Unable to find inner node CompressedPak for hierarchical cache Hierarchy.
[2020.01.23-21.47.19:842][  0]LogDerivedDataCache: Display: Pak cache opened for reading ../../../Engine/DerivedDataCache/Compressed.ddp.
[2020.01.23-21.47.19:842][  0]LogDerivedDataCache: FDerivedDataBackendGraph:  EnterprisePak pak cache file ../../../Enterprise/DerivedDataCache/Compressed.ddp not found, will not use a pak cache.
[2020.01.23-21.47.19:842][  0]LogDerivedDataCache: Unable to find inner node EnterprisePak for hierarchical cache Hierarchy.
[2020.01.23-21.47.19:844][  0]LogDerivedDataCache: Using Local data cache path C:/Users/ritts/AppData/Local/UnrealEngine/Common/DerivedDataCache: Writable
[2020.01.23-21.47.19:844][  0]LogDerivedDataCache: Shared data cache path not found in *engine.ini, will not use an Shared cache.
[2020.01.23-21.47.19:844][  0]LogDerivedDataCache: Unable to find inner node Shared for hierarchical cache Hierarchy.
[2020.01.23-21.47.19:866][  0]LogMaterial: Verifying Global Shaders for PCD3D_SM5
[2020.01.23-21.47.19:868][  0]LogSlate: Using FreeType 2.10.0
[2020.01.23-21.47.19:869][  0]LogSlate: SlateFontServices - WITH_FREETYPE: 1, WITH_HARFBUZZ: 1
[2020.01.23-21.47.19:928][  0]LogAssetRegistry: FAssetRegistry took 0.0024 seconds to start up
[2020.01.23-21.47.20:193][  0]LogInit: Selected Device Profile: [Windows]
[2020.01.23-21.47.20:343][  0]LogMeshReduction: Using QuadricMeshReduction for automatic static mesh reduction
[2020.01.23-21.47.20:343][  0]LogMeshReduction: Using SimplygonMeshReduction for automatic skeletal mesh reduction
[2020.01.23-21.47.20:343][  0]LogMeshReduction: Using ProxyLODMeshReduction for automatic mesh merging
[2020.01.23-21.47.20:343][  0]LogMeshReduction: No distributed automatic mesh merging module available
[2020.01.23-21.47.20:343][  0]LogMeshMerging: No distributed automatic mesh merging module available
[2020.01.23-21.47.20:356][  0]LogNetVersion: MP1_ElżbietaHawełka 1.0.0, NetCL: 10570792, EngineNetVer: 13, GameNetVer: 0 (Checksum: 337778496)
[2020.01.23-21.47.21:489][  0]LogPackageLocalizationCache: Processed 10 localized package path(s) for 1 prioritized culture(s) in 0.037846 seconds
[2020.01.23-21.47.21:497][  0]LogUObjectArray: 46750 objects as part of root set at end of initial load.
[2020.01.23-21.47.21:497][  0]LogUObjectAllocator: 8137160 out of 0 bytes used by permanent object pool.
[2020.01.23-21.47.21:497][  0]LogUObjectArray: CloseDisregardForGC: 0/0 objects in disregard for GC pool
[2020.01.23-21.47.21:858][  0]LogTcpMessaging: Initializing TcpMessaging bridge
[2020.01.23-21.47.21:861][  0]LogUdpMessaging: Initializing bridge on interface 0.0.0.0:0 to multicast group 230.0.0.1:6666.
[2020.01.23-21.47.21:908][  0]SourceControl: Source control is disabled
[2020.01.23-21.47.21:908][  0]SourceControl: Source control is disabled
[2020.01.23-21.47.21:909][  0]SourceControl: Source control is disabled
[2020.01.23-21.47.21:910][  0]SourceControl: Source control is disabled
[2020.01.23-21.47.21:911][  0]SourceControl: Source control is disabled
[2020.01.23-21.47.21:993][  0]LogAndroidPermission: UAndroidPermissionCallbackProxy::GetInstance
[2020.01.23-21.47.22:004][  0]LogAudioCaptureCore: Display: No Audio Capture implementations found. Audio input will be silent.
[2020.01.23-21.47.22:004][  0]LogAudioCaptureCore: Display: No Audio Capture implementations found. Audio input will be silent.
[2020.01.23-21.47.22:081][  0]LogOcInput: OculusInput pre-init called
[2020.01.23-21.47.22:089][  0]LogWindows: Failed to load 'OVRPlugin.dll' (GetLastError=126)
[2020.01.23-21.47.22:089][  0]LogWindows: File 'OVRPlugin.dll' does not exist
[2020.01.23-21.47.22:148][  0]LogEngine: Initializing Engine...
[2020.01.23-21.47.22:149][  0]LogHMD: Failed to initialize OpenVR with code 110
[2020.01.23-21.47.22:150][  0]LogStats: UGameplayTagsManager::InitializeManager -  0.000 s
[2020.01.23-21.47.22:442][  0]LogInit: Initializing FReadOnlyCVARCache
[2020.01.23-21.47.22:448][  0]LogAIModule: Creating AISystem for world Untitled
[2020.01.23-21.47.22:512][  0]LogAudioMixer: Display: Audio Mixer Platform Settings:
[2020.01.23-21.47.22:512][  0]LogAudioMixer: Display: 	Sample Rate:						  48000
[2020.01.23-21.47.22:512][  0]LogAudioMixer: Display: 	Callback Buffer Frame Size Requested: 1024
[2020.01.23-21.47.22:512][  0]LogAudioMixer: Display: 	Callback Buffer Frame Size To Use:	  1024
[2020.01.23-21.47.22:512][  0]LogAudioMixer: Display: 	Number of buffers to queue:			  2
[2020.01.23-21.47.22:512][  0]LogAudioMixer: Display: 	Max Channels (voices):				  32
[2020.01.23-21.47.22:512][  0]LogAudioMixer: Display: 	Number of Async Source Workers:		  0
[2020.01.23-21.47.22:512][  0]LogAudio: Display: AudioDevice MaxSources: 32
[2020.01.23-21.47.22:512][  0]LogAudio: Display: Using built-in audio occlusion.
[2020.01.23-21.47.22:512][  0]LogAudioMixer: Display: Initializing audio mixer.
[2020.01.23-21.47.22:619][  0]LogAudioMixer: Display: Audio Device Output Speaker Info:
[2020.01.23-21.47.22:619][  0]LogAudioMixer: Display: Name: Głośniki (Realtek(R) Audio)
[2020.01.23-21.47.22:619][  0]LogAudioMixer: Display: Is Default: Yes
[2020.01.23-21.47.22:619][  0]LogAudioMixer: Display: Sample Rate: 48000
[2020.01.23-21.47.22:619][  0]LogAudioMixer: Display: Channel Count Used: 8
[2020.01.23-21.47.22:619][  0]LogAudioMixer: Display: Device Channel Count: 8
[2020.01.23-21.47.22:619][  0]LogAudioMixer: Display: Channel Order:
[2020.01.23-21.47.22:619][  0]LogAudioMixer: Display: 0: FrontLeft
[2020.01.23-21.47.22:619][  0]LogAudioMixer: Display: 1: FrontRight
[2020.01.23-21.47.22:619][  0]LogAudioMixer: Display: 2: FrontCenter
[2020.01.23-21.47.22:619][  0]LogAudioMixer: Display: 3: LowFrequency
[2020.01.23-21.47.22:619][  0]LogAudioMixer: Display: 4: BackLeft
[2020.01.23-21.47.22:619][  0]LogAudioMixer: Display: 5: BackRight
[2020.01.23-21.47.22:619][  0]LogAudioMixer: Display: 6: SideLeft
[2020.01.23-21.47.22:619][  0]LogAudioMixer: Display: 7: SideRight
[2020.01.23-21.47.22:886][  0]LogAudioMixer: Display: Using Audio Device Głośniki (Realtek(R) Audio)
[2020.01.23-21.47.22:891][  0]LogInit: FAudioDevice initialized.
[2020.01.23-21.47.22:891][  0]LogNetVersion: Set ProjectVersion to 1.0.0.0. Version Checksum will be recalculated on next use.
[2020.01.23-21.47.23:078][  0]LogDerivedDataCache: Saved boot cache 0.19s 78MB C:/Users/ritts/AppData/Local/UnrealEngine/4.24/DerivedDataCache/Boot.ddc.
[2020.01.23-21.47.23:079][  0]LogInit: Texture streaming: Enabled
[2020.01.23-21.47.23:099][  0]LogEngineSessionManager: EngineSessionManager initialized
[2020.01.23-21.47.23:100][  0]LogEditorSessionSummary: Verbose: Initializing EditorSessionSummaryWriter for editor session tracking
[2020.01.23-21.47.23:114][  0]LogEditorSessionSummary: EditorSessionSummaryWriter initialized
[2020.01.23-21.47.23:158][  0]LogInit: Transaction tracking system initialized
[2020.01.23-21.47.23:168][  0]BlueprintLog: New page: Editor Load
[2020.01.23-21.47.23:201][  0]LocalizationService: Localization service is disabled
[2020.01.23-21.47.23:486][  0]LogFileCache: Scanning file cache for directory 'C:/Users/ritts/Documents/Unreal Projects/MP1_ElżbietaHawełka/Content/' took 0.00s
[2020.01.23-21.47.23:486][  0]LogCook: Display: Max memory allowance for cook 16384mb min free memory 0mb
[2020.01.23-21.47.23:487][  0]LogCook: Display: Mobile HDR setting 1
[2020.01.23-21.47.24:202][  0]SourceControl: Source control is disabled
[2020.01.23-21.47.24:202][  0]Cmd: MAP LOAD FILE="../../../Engine/Content/Maps/Templates/Template_Default.umap" TEMPLATE=1 SHOWPROGRESS=1 FEATURELEVEL=3
[2020.01.23-21.47.24:203][  0]LightingResults: New page: Lighting Build
[2020.01.23-21.47.24:203][  0]LogWorld: UWorld::CleanupWorld for Untitled, bSessionEnded=true, bCleanupResources=true
[2020.01.23-21.47.24:204][  0]LogSlate: InvalidateAllWidgets triggered.  All widgets were invalidated
[2020.01.23-21.47.24:204][  0]MapCheck: New page: Map Check
[2020.01.23-21.47.24:204][  0]LightingResults: New page: Lighting Build
[2020.01.23-21.47.24:232][  0]LogUObjectHash: Compacting FUObjectHashTables data took   1.46ms
[2020.01.23-21.47.24:299][  0]LogAIModule: Creating AISystem for world Untitled_1
[2020.01.23-21.47.24:304][  0]LogEditorServer: Finished looking for orphan Actors (0.000 secs)
[2020.01.23-21.47.24:331][  0]LogUObjectHash: Compacting FUObjectHashTables data took   1.68ms
[2020.01.23-21.47.24:331][  0]Cmd: MAP CHECKDEP NOCLEARLOG
[2020.01.23-21.47.24:331][  0]MapCheck: Map check complete: 0 Error(s), 0 Warning(s), took 0,233ms to complete.
[2020.01.23-21.47.24:331][  0]LogFileHelpers: Loading map 'Template_Default' took 0.129
[2020.01.23-21.47.24:486][  0]LogSlate: Updating window title bar state: overlay mode, drag disabled, window buttons hidden, title bar hidden
[2020.01.23-21.47.24:491][  0]LogSlate: Updating window title bar state: overlay mode, drag disabled, window buttons hidden, title bar hidden
[2020.01.23-21.47.24:497][  0]LogSlate: Updating window title bar state: overlay mode, drag disabled, window buttons hidden, title bar hidden
[2020.01.23-21.47.24:504][  0]LogSlate: Updating window title bar state: overlay mode, drag disabled, window buttons hidden, title bar hidden
[2020.01.23-21.47.24:516][  0]LogCollectionManager: Loaded 0 collections in 0.002831 seconds
[2020.01.23-21.47.24:526][  0]LogFileCache: Scanning file cache for directory 'C:/Users/ritts/Documents/Unreal Projects/MP1_ElżbietaHawełka/Saved/Collections/' took 0.00s
[2020.01.23-21.47.24:526][  0]LogFileCache: Scanning file cache for directory 'C:/Users/ritts/Documents/Unreal Projects/MP1_ElżbietaHawełka/Content/Developers/ritts/Collections/' took 0.00s
[2020.01.23-21.47.24:526][  0]LogFileCache: Scanning file cache for directory 'C:/Users/ritts/Documents/Unreal Projects/MP1_ElżbietaHawełka/Content/Collections/' took 0.00s
[2020.01.23-21.47.24:526][  0]LogContentBrowser: Native class hierarchy populated in 0.0070 seconds. Added 3015 classes and 717 folders.
[2020.01.23-21.47.24:528][  0]LogContentBrowser: Native class hierarchy updated for 'WidgetCarousel' in 0.0002 seconds. Added 0 classes and 0 folders.
[2020.01.23-21.47.24:611][  0]LogContentBrowser: Native class hierarchy updated for 'AddContentDialog' in 0.0002 seconds. Added 0 classes and 0 folders.
[2020.01.23-21.47.24:614][  0]LogContentBrowser: Native class hierarchy updated for 'SceneOutliner' in 0.0002 seconds. Added 2 classes and 3 folders.
[2020.01.23-21.47.24:698][  0]LogSlate: Took 0.000235 seconds to synchronously load lazily loaded font '../../../Engine/Content/Slate/Fonts/Roboto-Regular.ttf' (155K)
[2020.01.23-21.47.24:700][  0]LogSlate: Took 0.000167 seconds to synchronously load lazily loaded font '../../../Engine/Content/Slate/Fonts/Roboto-Bold.ttf' (160K)
[2020.01.23-21.47.24:705][  0]LogSlate: Took 0.000178 seconds to synchronously load lazily loaded font '../../../Engine/Content/Editor/Slate/Fonts/FontAwesome.ttf' (139K)
[2020.01.23-21.47.24:785][  0]LogRenderer: Reallocating scene render targets to support 1208x572 Format 10 NumSamples 1 (Frame:1).
[2020.01.23-21.47.24:912][  0]LogContentBrowser: Native class hierarchy updated for 'HierarchicalLODOutliner' in 0.0003 seconds. Added 0 classes and 0 folders.
[2020.01.23-21.47.24:912][  0]LogLoad: (Engine Initialization) Total time: 9.46 seconds
[2020.01.23-21.47.24:912][  0]LogLoad: (Engine Initialization) Total Blueprint compile time: 0.00 seconds
[2020.01.23-21.47.24:974][  0]LogAssetRegistry: Asset discovery search completed in 5.0469 seconds
[2020.01.23-21.47.24:978][  0]LogCollectionManager: Fixed up redirectors for 0 collections in 0.000007 seconds (updated 0 objects)
[2020.01.23-21.47.24:979][  0]LogContentStreaming: Texture pool size now 1000 MB
[2020.01.23-21.47.25:008][  0]LogSlate: Took 0.000181 seconds to synchronously load lazily loaded font '../../../Engine/Content/Slate/Fonts/Roboto-Light.ttf' (167K)
[2020.01.23-21.50.42:308][380]LogEditorViewport: Clicking on Actor (LMB): PlayerStart (Player Start)
[2020.01.23-21.50.44:445][463]LogEditorViewport: Clicking on Actor (LMB): StaticMeshActor (Floor)
[2020.01.23-21.50.48:227][671]LogEditorViewport: Clicking on Actor (LMB): StaticMeshActor (Floor)
[2020.01.23-21.50.56:249][139]LogEditorViewport: Clicking on Actor (LMB): BP_Sky_Sphere_C (Sky Sphere)
[2020.01.23-21.50.58:098][233]LogActorFactory: Actor Factory created Floor_400x400
[2020.01.23-21.50.58:966][281]LogActorFactory: Actor Factory created Floor_400x400
[2020.01.23-21.51.00:458][364]LogActorFactory: Actor Factory created Floor_400x400
[2020.01.23-21.51.00:930][392]LogActorFactory: Actor Factory created Floor_400x400
[2020.01.23-21.52.30:069][701]LogEditorViewport: Clicking on Actor (LMB): StaticMeshActor (Floor_400x401)
[2020.01.23-21.54.32:667][726]LogActorFactory: Actor Factory created SM_TableRound
[2020.01.23-21.54.33:399][764]LogActorFactory: Actor Factory created SM_TableRound
[2020.01.23-21.54.34:588][831]LogActorFactory: Actor Factory created SM_TableRound
[2020.01.23-21.54.35:710][898]LogActorFactory: Actor Factory created SM_TableRound
[2020.01.23-21.54.37:421][991]LogActorFactory: Actor Factory created SM_TableRound
[2020.01.23-21.54.38:428][ 51]LogActorFactory: Actor Factory created SM_TableRound
[2020.01.23-21.54.45:048][416]LogActorFactory: Actor Factory created SM_Chair
[2020.01.23-21.54.46:223][479]LogActorFactory: Actor Factory created SM_Chair
[2020.01.23-21.54.47:353][540]LogActorFactory: Actor Factory created SM_Chair
[2020.01.23-21.54.48:858][630]LogActorFactory: Actor Factory created SM_Chair
[2020.01.23-21.54.49:872][686]LogActorFactory: Actor Factory created SM_Chair
[2020.01.23-21.54.50:728][737]LogActorFactory: Actor Factory created SM_Chair
[2020.01.23-21.54.51:654][787]LogActorFactory: Actor Factory created SM_Chair
[2020.01.23-21.54.52:674][847]LogActorFactory: Actor Factory created SM_Chair
[2020.01.23-21.54.53:493][896]LogActorFactory: Actor Factory created SM_Chair
[2020.01.23-21.54.54:484][953]LogActorFactory: Actor Factory created SM_Chair
[2020.01.23-21.54.55:240][998]LogActorFactory: Actor Factory created SM_Chair
[2020.01.23-21.54.56:168][ 51]LogActorFactory: Actor Factory created SM_Chair
[2020.01.23-21.54.57:806][149]LogActorFactory: Actor Factory created SM_Chair
[2020.01.23-21.54.59:133][220]LogActorFactory: Actor Factory created SM_Chair
[2020.01.23-21.55.00:223][285]LogActorFactory: Actor Factory created SM_Chair
[2020.01.23-21.55.01:486][353]LogActorFactory: Actor Factory created SM_Chair
[2020.01.23-21.55.04:709][546]LogActorFactory: Actor Factory created SM_Chair
[2020.01.23-21.56.19:908][299]LogActorFactory: Actor Factory created SM_Chair
[2020.01.23-21.56.20:214][317]LogActorFactory: Actor Factory created SM_Chair
[2020.01.23-21.56.21:284][380]LogActorFactory: Actor Factory created SM_Chair
[2020.01.23-21.56.24:890][588]LogActorFactory: Actor Factory created Floor_400x400
[2020.01.23-21.56.26:314][673]LogActorFactory: Actor Factory created Floor_400x400
[2020.01.23-21.56.30:200][905]LogEditorViewport: Clicking on Actor (LMB): StaticMeshActor (Floor_400x401)
[2020.01.23-21.56.52:164][221]LogEditorViewport: Clicking on Actor (context menu): StaticMeshActor (Floor)
[2020.01.23-21.56.55:063][384]LogEditorViewport: Clicking on Actor (LMB): StaticMeshActor (SM_Chair9)
[2020.01.23-21.56.55:393][402]LogEditorViewport: Clicking on Actor (LMB): StaticMeshActor (SM_Chair9)
[2020.01.23-21.56.58:979][616]LogEditorViewport: Clicking on Actor (LMB): BP_Sky_Sphere_C (Sky Sphere)
[2020.01.23-21.57.02:895][849]LogEditorViewport: Clicking on Actor (LMB): StaticMeshActor (SM_Chair9)
[2020.01.23-21.57.16:759][677]LogEditorViewport: Clicking on Actor (LMB): StaticMeshActor (Floor)
[2020.01.23-21.57.17:338][710]LogEditorViewport: Clicking on Actor (LMB): StaticMeshActor (SM_TableRound3)
[2020.01.23-21.57.23:584][ 82]LogEditorViewport: Clicking on Actor (LMB): StaticMeshActor (SM_TableRound2)
[2020.01.23-21.57.31:219][538]LogEditorViewport: Clicking on Actor (LMB): StaticMeshActor (SM_Chair6)
[2020.01.23-21.57.50:332][680]LogEditorViewport: Clicking on Actor (LMB): StaticMeshActor (SM_TableRound3)
[2020.01.23-21.57.56:343][ 38]LogEditorViewport: Clicking on Actor (LMB): StaticMeshActor (SM_Chair9)
[2020.01.23-21.58.01:813][364]LogEditorViewport: Clicking on Actor (context menu): BP_Sky_Sphere_C (Sky Sphere)
[2020.01.23-21.58.02:730][416]LogEditorViewport: Clicking on Actor (LMB): StaticMeshActor (SM_Chair8)
[2020.01.23-21.58.03:300][448]LogEditorViewport: Clicking on Actor (context menu): StaticMeshActor (SM_Chair8)
[2020.01.23-21.58.04:182][499]LogEditorViewport: Clicking on Actor (LMB): StaticMeshActor (SM_Chair8)
[2020.01.23-21.58.39:223][594]LogEditorViewport: Clicking on Actor (LMB): StaticMeshActor (SM_Chair3)
[2020.01.23-21.59.00:486][  1]LogSlate: Took 0.000467 seconds to synchronously load lazily loaded font '../../../Engine/Content/Slate/Fonts/Roboto-Light.ttf' (167K)
[2020.01.23-21.59.09:554][ 28]LogUObjectHash: Compacting FUObjectHashTables data took   1.57ms
[2020.01.23-21.59.09:614][ 28]LogSavePackage: Moving '../../../../../../Users/ritts/Documents/Unreal Projects/MP1_ElżbietaHawełka/Saved/Untitled_1_Auto12708692D42E56734C3D944AD8D5FC37C.tmp' to '../../../../../../Users/ritts/Documents/Unreal Projects/MP1_ElżbietaHawełka/Saved/Autosaves/Temp/Untitled_1_Auto1.umap'
[2020.01.23-21.59.09:633][ 28]LogFileHelpers: Editor autosave (incl. sublevels) for '/Temp/Untitled_1' took 0.109
[2020.01.23-21.59.09:633][ 28]LogFileHelpers: Editor autosave (incl. sublevels) for all levels took 0.109
[2020.01.23-22.00.01:932][279]LogEditorViewport: Clicking on Actor (LMB): StaticMeshActor (SM_Chair2)
[2020.01.23-22.00.09:607][736]LogEditorViewport: Clicking on Actor (LMB): StaticMeshActor (SM_Chair7)
[2020.01.23-22.00.21:198][428]LogEditorViewport: Clicking on Actor (LMB): StaticMeshActor (SM_Chair8)
[2020.01.23-22.00.28:815][882]LogEditorViewport: Clicking on Actor (LMB): StaticMeshActor (SM_Chair3)
[2020.01.23-22.00.45:345][679]LogEditorViewport: Clicking on Actor (LMB): StaticMeshActor (Floor_400x400)
[2020.01.23-22.00.46:582][750]LogSlate: Took 0.021760 seconds to synchronously load lazily loaded font '../../../Engine/Content/Slate/Fonts/Roboto-Italic.ttf' (157K)
[2020.01.23-22.00.56:544][340]LogEditorViewport: Clicking on Actor (LMB): BP_Sky_Sphere_C (Sky Sphere)
[2020.01.23-22.00.57:444][393]LogEditorViewport: Clicking on Actor (LMB): StaticMeshActor (SM_Chair5)
[2020.01.23-22.01.06:607][939]LogEditorViewport: Clicking on Actor (LMB): BP_Sky_Sphere_C (Sky Sphere)
[2020.01.23-22.01.08:259][ 37]LogEditorViewport: Clicking on Actor (LMB): StaticMeshActor (SM_TableRound)
[2020.01.23-22.01.15:758][485]LogEditorViewport: Clicking on Actor (LMB): BP_Sky_Sphere_C (Sky Sphere)
[2020.01.23-22.01.18:028][620]LogEditorViewport: Clicking on Actor (LMB): BP_Sky_Sphere_C (Sky Sphere)
[2020.01.23-22.01.18:451][645]LogEditorViewport: Clicking on Actor (LMB): StaticMeshActor (SM_Chair2)
[2020.01.23-22.01.35:303][652]LogEditorViewport: Clicking on Actor (LMB): BP_Sky_Sphere_C (Sky Sphere)
[2020.01.23-22.01.38:287][830]LogEditorViewport: Clicking on Actor (LMB): BP_Sky_Sphere_C (Sky Sphere)
[2020.01.23-22.01.38:794][860]LogEditorViewport: Clicking on Actor (LMB): StaticMeshActor (SM_Chair4)
[2020.01.23-22.01.39:155][880]LogEditorViewport: Clicking on Actor (LMB): StaticMeshActor (SM_Chair4)
[2020.01.23-22.01.48:433][434]LogEditorViewport: Clicking on Actor (LMB): StaticMeshActor (SM_Chair)
[2020.01.23-22.01.54:232][778]LogEditorViewport: Clicking on Actor (LMB): BP_Sky_Sphere_C (Sky Sphere)
[2020.01.23-22.01.54:714][806]LogEditorViewport: Clicking on Actor (LMB): StaticMeshActor (SM_Chair7)
[2020.01.23-22.01.59:628][ 99]LogEditorViewport: Clicking on Actor (LMB): BP_Sky_Sphere_C (Sky Sphere)
[2020.01.23-22.02.04:610][397]LogEditorViewport: Clicking on Actor (context menu): StaticMeshActor (SM_TableRound)
[2020.01.23-22.02.06:366][498]LogEditorViewport: Clicking on Actor (LMB): StaticMeshActor (SM_TableRound)
[2020.01.23-22.02.12:100][840]LogEditorViewport: Clicking on Actor (LMB): BP_Sky_Sphere_C (Sky Sphere)
[2020.01.23-22.02.12:575][867]LogEditorViewport: Clicking on Actor (LMB): StaticMeshActor (SM_Chair2)
[2020.01.23-22.02.17:662][169]LogEditorViewport: Clicking on Actor (LMB): StaticMeshActor (SM_Chair4)
[2020.01.23-22.02.20:398][331]LogEditorViewport: Clicking on Actor (LMB): StaticMeshActor (SM_Chair)
[2020.01.23-22.02.22:078][430]LogEditorViewport: Clicking on Actor (LMB): StaticMeshActor (SM_Chair)
[2020.01.23-22.02.34:387][165]LogEditorViewport: Clicking on Actor (LMB): StaticMeshActor (SM_Chair2)
[2020.01.23-22.02.37:141][328]LogEditorViewport: Clicking on Actor (LMB): StaticMeshActor (SM_Chair4)
[2020.01.23-22.02.39:775][484]LogEditorViewport: Clicking on Actor (LMB): StaticMeshActor (SM_Chair7)
[2020.01.23-22.02.44:791][783]LogEditorViewport: Clicking on Actor (LMB): StaticMeshActor (SM_Chair3)
[2020.01.23-22.02.47:607][950]LogEditorViewport: Clicking on Actor (LMB): StaticMeshActor (SM_Chair8)
[2020.01.23-22.03.01:482][752]LogActorFactory: Actor Factory created SM_Statue
[2020.01.23-22.03.05:257][975]LogActorFactory: Actor Factory created SM_Statue
[2020.01.23-22.03.07:470][103]LogActorFactory: Actor Factory created SM_Statue
[2020.01.23-22.03.09:161][204]LogActorFactory: Actor Factory created SM_Statue
[2020.01.23-22.03.10:573][283]LogActorFactory: Actor Factory created SM_Statue
[2020.01.23-22.03.13:367][450]LogActorFactory: Actor Factory created SM_Statue
[2020.01.23-22.03.31:630][912]LogEditorViewport: Clicking on Actor (LMB): StaticMeshActor (SM_Statue)
[2020.01.23-22.03.39:413][377]LogEditorViewport: Clicking on Actor (LMB): BP_Sky_Sphere_C (Sky Sphere)
[2020.01.23-22.03.40:567][445]LogEditorViewport: Clicking on Actor (LMB): StaticMeshActor (SM_TableRound3)
[2020.01.23-22.03.45:813][756]LogEditorViewport: Clicking on Actor (LMB): StaticMeshActor (Floor_400x402)
[2020.01.23-22.03.50:049][  6]LogEditorViewport: Clicking on Actor (LMB): BP_Sky_Sphere_C (Sky Sphere)
[2020.01.23-22.03.50:586][ 37]LogEditorViewport: Clicking on Actor (LMB): StaticMeshActor (SM_Chair3)
[2020.01.23-22.03.56:392][383]LogEditorViewport: Clicking on Actor (LMB): BP_Sky_Sphere_C (Sky Sphere)
[2020.01.23-22.03.57:426][444]LogEditorViewport: Clicking on Actor (LMB): StaticMeshActor (SM_Chair8)
[2020.01.23-22.04.01:389][680]LogEditorViewport: Clicking on Actor (LMB): BP_Sky_Sphere_C (Sky Sphere)
[2020.01.23-22.04.02:526][747]LogEditorViewport: Clicking on Actor (LMB): BP_Sky_Sphere_C (Sky Sphere)
[2020.01.23-22.04.03:252][790]LogEditorViewport: Clicking on Actor (LMB): BP_Sky_Sphere_C (Sky Sphere)
[2020.01.23-22.04.03:826][824]LogEditorViewport: Clicking on Actor (LMB): BP_Sky_Sphere_C (Sky Sphere)
[2020.01.23-22.04.04:302][852]LogEditorViewport: Clicking on Actor (LMB): BP_Sky_Sphere_C (Sky Sphere)
[2020.01.23-22.04.04:876][886]LogEditorViewport: Clicking on Actor (LMB): StaticMeshActor (SM_Statue2)
[2020.01.23-22.04.27:062][872]LogEditorViewport: Clicking on Actor (LMB): StaticMeshActor (Floor_400x401)
[2020.01.23-22.04.28:141][935]LogEditorViewport: Clicking on Actor (LMB): StaticMeshActor (Floor_400x401)
[2020.01.23-22.04.33:738][270]LogEditorViewport: Clicking on Actor (LMB): StaticMeshActor (SM_TableRound2)
[2020.01.23-22.04.43:505][852]LogEditorViewport: Clicking on Actor (LMB): StaticMeshActor (Floor_400x401)
[2020.01.23-22.04.50:267][256]LogEditorViewport: Clicking on Actor (LMB): StaticMeshActor (SM_TableRound2)
[2020.01.23-22.04.51:113][305]LogEditorViewport: Clicking on Actor (LMB): StaticMeshActor (SM_TableRound2)
[2020.01.23-22.04.51:637][336]LogEditorViewport: Clicking on Actor (context menu): StaticMeshActor (Floor_400x401)
[2020.01.23-22.04.52:991][412]LogEditorViewport: Clicking on Actor (LMB): StaticMeshActor (Floor_400x401)
[2020.01.23-22.04.56:052][595]LogEditorViewport: Clicking on Actor (LMB): StaticMeshActor (SM_TableRound2)
[2020.01.23-22.04.56:586][625]LogEditorViewport: Clicking on Actor (LMB): StaticMeshActor (SM_TableRound2)
[2020.01.23-22.05.14:772][715]LogEditorViewport: Clicking on Actor (LMB): StaticMeshActor (Floor_400x401)
[2020.01.23-22.05.15:337][747]LogEditorViewport: Clicking on Actor (LMB): StaticMeshActor (Floor_400x401)
[2020.01.23-22.05.17:682][887]LogEditorViewport: Clicking on Actor (LMB): StaticMeshActor (SM_Statue3)
[2020.01.23-22.05.23:167][211]LogEditorViewport: Clicking on Actor (LMB): StaticMeshActor (Floor_400x401)
[2020.01.23-22.05.23:994][259]LogEditorViewport: Clicking on Actor (LMB): StaticMeshActor (SM_Chair6)
[2020.01.23-22.05.28:243][512]LogEditorViewport: Clicking on Actor (LMB): StaticMeshActor (Floor_400x401)
[2020.01.23-22.05.29:220][569]LogEditorViewport: Clicking on Actor (LMB): StaticMeshActor (SM_Chair6)
[2020.01.23-22.05.32:417][759]LogEditorViewport: Clicking on Actor (LMB): BP_Sky_Sphere_C (Sky Sphere)
[2020.01.23-22.05.33:722][836]LogEditorViewport: Clicking on Actor (LMB): StaticMeshActor (SM_TableRound3)
[2020.01.23-22.05.39:871][203]LogEditorViewport: Clicking on Actor (LMB): StaticMeshActor (SM_Chair9)
[2020.01.23-22.06.07:043][831]LogEditorViewport: Clicking on Actor (LMB): StaticMeshActor (SM_Chair3)
[2020.01.23-22.06.11:751][111]LogEditorViewport: Clicking on Actor (LMB): StaticMeshActor (SM_Chair9)
[2020.01.23-22.06.45:227][112]LogEditorViewport: Clicking on Actor (context menu): BP_Sky_Sphere_C (Sky Sphere)
[2020.01.23-22.06.46:292][172]LogEditorViewport: Clicking on Actor (LMB): StaticMeshActor (Floor_400x402)
[2020.01.23-22.09.07:820][724]LogUObjectHash: Compacting FUObjectHashTables data took   1.64ms
[2020.01.23-22.09.07:840][724]LogSavePackage: Moving '../../../../../../Users/ritts/Documents/Unreal Projects/MP1_ElżbietaHawełka/Saved/Untitled_1_Auto20614DDE7435B030D88076F9D2A419999.tmp' to '../../../../../../Users/ritts/Documents/Unreal Projects/MP1_ElżbietaHawełka/Saved/Autosaves/Temp/Untitled_1_Auto2.umap'
[2020.01.23-22.09.07:843][724]LogFileHelpers: Editor autosave (incl. sublevels) for '/Temp/Untitled_1' took 0.053
[2020.01.23-22.09.07:843][724]LogFileHelpers: Editor autosave (incl. sublevels) for all levels took 0.053
[2020.01.23-22.25.10:096][120]LogUObjectHash: Compacting FUObjectHashTables data took   1.30ms
[2020.01.23-22.25.13:401][120]LogSlate: Window 'Save Level As' being destroyed
[2020.01.23-22.25.13:445][120]LogUObjectHash: Compacting FUObjectHashTables data took   1.86ms
[2020.01.23-22.25.13:467][120]LogSavePackage: Moving '../../../../../../Users/ritts/Documents/Unreal Projects/MP1_ElżbietaHawełka/Saved/UntitledFB60C1AC4ECE87EBE2E2C493EC3D6A00.tmp' to '../../../../../../Users/ritts/Documents/Unreal Projects/MP1_ElżbietaHawełka/Content/StarterContent/Architecture/Untitled.umap'
[2020.01.23-22.25.13:487][120]LogFileHelpers: Saving map 'Untitled' took 0.076
[2020.01.23-22.25.13:497][120]AssetCheck: New page: Asset Save: Untitled
[2020.01.23-22.25.13:497][120]LogContentValidation: Display: Validating World /Game/StarterContent/Architecture/Untitled.Untitled
[2020.01.23-22.35.10:502][783]LogUObjectHash: Compacting FUObjectHashTables data took   0.71ms
[2020.01.23-22.35.10:504][783]LogFileHelpers: Editor autosave (incl. sublevels) for '/Game/StarterContent/Architecture/Untitled' took 0.028
[2020.01.23-22.36.07:840][249]LogSlate: Window 'Open Level' being destroyed
[2020.01.23-22.36.10:438][398]LogUProjectInfo: Found projects:
[2020.01.23-22.36.10:440][398]LogSlate: WidgetSwitcher ('None') active index changed to -1
[2020.01.23-22.36.10:440][398]LogSlate: WidgetSwitcher ('None') active index changed to 1
[2020.01.23-22.36.10:484][398]LogSlate: Took 0.000346 seconds to synchronously load lazily loaded font '../../../Engine/Content/Slate/Fonts/Roboto-BoldCondensed.ttf' (158K)
